<?xml version="1.0" encoding="UTF-8"?>
<!-- Generated by org.testng.reporters.JUnitXMLReporter -->
<testsuite ignored="0" hostname="marcheluki" failures="0" tests="11" name="All Tests" time="0.105" errors="0" timestamp="2025-04-28T23:45:42 CST">
  <testcase classname="com.banking.BankAccountTest" name="testDepositWithDataProvider" time="0.01"/>
  <testcase classname="com.banking.BankAccountTest" name="testDepositWithDataProvider" time="0.001"/>
  <testcase classname="com.banking.BankAccountTest" name="testDepositWithDataProvider" time="0.001"/>
  <testcase classname="com.banking.BankAccountTest" name="testInsufficientFunds" time="0.001"/>
  <testcase classname="com.banking.BankAccountTest" name="testNegativeDeposit" time="0.001"/>
  <testcase classname="com.banking.BankAccountTest" name="testNegativeWithdrawal" time="0.001"/>
  <testcase classname="com.banking.BankAccountTest" name="testTransfer" time="0.0"/>
  <testcase classname="com.banking.BankAccountTest" name="testTransferInsufficientFunds" time="0.0"/>
  <testcase classname="com.banking.BankAccountTest" name="testDeposit" time="0.001"/>
  <testcase classname="com.banking.BankAccountTest" name="testWithdrawAfterDeposit" time="0.001"/>
  <testcase classname="com.banking.BankAccountTest" name="testWithdraw" time="0.001"/>
</testsuite> <!-- All Tests -->
