<?xml version="1.0" encoding="UTF-8"?>
<testsuite xmlns:xsi="http://www.w3.org/2001/XMLSchema-instance" xsi:noNamespaceSchemaLocation="https://maven.apache.org/surefire/maven-surefire-plugin/xsd/surefire-test-report-3.0.xsd" version="3.0" name="TestSuite" time="0.945" tests="11" errors="0" skipped="0" failures="0">
  <properties>
[...]
</properties>
  <testcase name="testDepositWithDataProvider[100.0, 1100.0](1)" classname="com.banking.BankAccountTest" time="0.009">
    <system-out><![CDATA[Setting up test class...
Setting up test method...
]]></system-out>
    <system-err><![CDATA[SLF4J: Failed to load class "org.slf4j.impl.StaticLoggerBinder".
SLF4J: Defaulting to no-operation (NOP) logger implementation
SLF4J: See http://www.slf4j.org/codes.html#StaticLoggerBinder for further details.
]]></system-err>
  </testcase>
  <testcase name="testDepositWithDataProvider[200.0, 1200.0](2)" classname="com.banking.BankAccountTest" time="0">
    <system-out><![CDATA[Tearing down test method...
Setting up test method...
]]></system-out>
  </testcase>
  <testcase name="testDepositWithDataProvider[300.0, 1300.0](3)" classname="com.banking.BankAccountTest" time="0">
    <system-out><![CDATA[Tearing down test method...
Setting up test method...
]]></system-out>
  </testcase>
  <testcase name="testInsufficientFunds" classname="com.banking.BankAccountTest" time="0">
    <system-out><![CDATA[Tearing down test method...
Setting up test method...
]]></system-out>
  </testcase>
  <testcase name="testNegativeDeposit" classname="com.banking.BankAccountTest" time="0">
    <system-out><![CDATA[Tearing down test method...
Setting up test method...
]]></system-out>
  </testcase>
  <testcase name="testNegativeWithdrawal" classname="com.banking.BankAccountTest" time="0">
    <system-out><![CDATA[Tearing down test method...
Setting up test method...
]]></system-out>
  </testcase>
  <testcase name="testTransfer" classname="com.banking.BankAccountTest" time="0">
    <system-out><![CDATA[Tearing down test method...
Setting up test method...
]]></system-out>
  </testcase>
  <testcase name="testTransferInsufficientFunds" classname="com.banking.BankAccountTest" time="0">
    <system-out><![CDATA[Tearing down test method...
Setting up test method...
]]></system-out>
  </testcase>
  <testcase name="testDeposit" classname="com.banking.BankAccountTest" time="0">
    <system-out><![CDATA[Tearing down test method...
Setting up test method...
]]></system-out>
  </testcase>
  <testcase name="testWithdrawAfterDeposit" classname="com.banking.BankAccountTest" time="0">
    <system-out><![CDATA[Tearing down test method...
Setting up test method...
]]></system-out>
  </testcase>
  <testcase name="testWithdraw" classname="com.banking.BankAccountTest" time="0">
    <system-out><![CDATA[Tearing down test method...
Setting up test method...
]]></system-out>
  </testcase>
</testsuite>